<?xml version="1.0" encoding="UTF-8"?>
<!-- Generated by org.testng.reporters.JUnitXMLReporter -->
<testsuite ignored="0" hostname="DESKTOP-O25JN91" failures="0" tests="4" name="Default test" time="17.483" errors="0" timestamp="2023-11-12T12:59:25 IST">
  <testcase classname="Tests.MikodTest" name="tc01_popup" time="6.204"/>
  <testcase classname="Tests.MikodTest" name="tc02_MoveToMikodSearch" time="3.439"/>
  <testcase classname="Tests.MikodTest" name="tc03_MikodSearch" time="3.683"/>
  <testcase classname="Tests.MikodTest" name="tc04_MikodNum" time="0.116"/>
</testsuite> <!-- Default test -->
